
> date-guide@0.1.0 update:addresses
> tsx scripts/update-addresses-from-details.ts

­Ъї▒ УЕ│у┤░сЃџсЃ╝сѓИсЂІсѓЅСйЈТЅђсЃ╗уи»т║дсЃ╗ухїт║дсѓњтЈќтЙЌсЂЌсЂдТЏ┤Тќ░сЂЌсЂЙсЂЎ...
­ЪЊі УфГсЂ┐УЙ╝сѓЊсЂасЃгсѓ╣сЃѕсЃЕсЃ│ТЋ░: 2623С╗Х
­ЪЊІ ТЏ┤Тќ░сЂїт┐ЁУдЂсЂфсЃгсѓ╣сЃѕсЃЕсЃ│ТЋ░: 2623С╗Х

­ЪЊі жђ▓ТЇЌ: 10/2623С╗Х (ТѕљтіЪ: 9, сѓесЃЕсЃ╝: 0)

­ЪЊі жђ▓ТЇЌ: 20/2623С╗Х (ТѕљтіЪ: 19, сѓесЃЕсЃ╝: 0)

­ЪЊі жђ▓ТЇЌ: 30/2623С╗Х (ТѕљтіЪ: 29, сѓесЃЕсЃ╝: 0)

­ЪЊі жђ▓ТЇЌ: 40/2623С╗Х (ТѕљтіЪ: 39, сѓесЃЕсЃ╝: 0)

­ЪЊі жђ▓ТЇЌ: 50/2623С╗Х (ТѕљтіЪ: 49, сѓесЃЕсЃ╝: 0)

­ЪЊі жђ▓ТЇЌ: 60/2623С╗Х (ТѕљтіЪ: 59, сѓесЃЕсЃ╝: 0)

­ЪЊі жђ▓ТЇЌ: 70/2623С╗Х (ТѕљтіЪ: 69, сѓесЃЕсЃ╝: 0)

­ЪЊі жђ▓ТЇЌ: 80/2623С╗Х (ТѕљтіЪ: 79, сѓесЃЕсЃ╝: 0)

­ЪЊі жђ▓ТЇЌ: 90/2623С╗Х (ТѕљтіЪ: 89, сѓесЃЕсЃ╝: 0)

­ЪЊі жђ▓ТЇЌ: 100/2623С╗Х (ТѕљтіЪ: 99, сѓесЃЕсЃ╝: 0)

­ЪЊі жђ▓ТЇЌ: 110/2623С╗Х (ТѕљтіЪ: 109, сѓесЃЕсЃ╝: 0)

­ЪЊі жђ▓ТЇЌ: 120/2623С╗Х (ТѕљтіЪ: 119, сѓесЃЕсЃ╝: 0)

­ЪЊі жђ▓ТЇЌ: 130/2623С╗Х (ТѕљтіЪ: 129, сѓесЃЕсЃ╝: 0)

­ЪЊі жђ▓ТЇЌ: 140/2623С╗Х (ТѕљтіЪ: 139, сѓесЃЕсЃ╝: 0)

­ЪЊі жђ▓ТЇЌ: 150/2623С╗Х (ТѕљтіЪ: 149, сѓесЃЕсЃ╝: 0)

­ЪЊі жђ▓ТЇЌ: 160/2623С╗Х (ТѕљтіЪ: 159, сѓесЃЕсЃ╝: 0)

­ЪЊі жђ▓ТЇЌ: 170/2623С╗Х (ТѕљтіЪ: 169, сѓесЃЕсЃ╝: 0)

­ЪЊі жђ▓ТЇЌ: 180/2623С╗Х (ТѕљтіЪ: 179, сѓесЃЕсЃ╝: 0)

­ЪЊі жђ▓ТЇЌ: 190/2623С╗Х (ТѕљтіЪ: 189, сѓесЃЕсЃ╝: 0)

­ЪЊі жђ▓ТЇЌ: 200/2623С╗Х (ТѕљтіЪ: 199, сѓесЃЕсЃ╝: 0)

­ЪЊі жђ▓ТЇЌ: 210/2623С╗Х (ТѕљтіЪ: 209, сѓесЃЕсЃ╝: 0)

­ЪЊі жђ▓ТЇЌ: 220/2623С╗Х (ТѕљтіЪ: 219, сѓесЃЕсЃ╝: 0)

­ЪЊі жђ▓ТЇЌ: 230/2623С╗Х (ТѕљтіЪ: 229, сѓесЃЕсЃ╝: 0)

­ЪЊі жђ▓ТЇЌ: 240/2623С╗Х (ТѕљтіЪ: 239, сѓесЃЕсЃ╝: 0)

­ЪЊі жђ▓ТЇЌ: 250/2623С╗Х (ТѕљтіЪ: 249, сѓесЃЕсЃ╝: 0)

­ЪЊі жђ▓ТЇЌ: 260/2623С╗Х (ТѕљтіЪ: 259, сѓесЃЕсЃ╝: 0)

­ЪЊі жђ▓ТЇЌ: 270/2623С╗Х (ТѕљтіЪ: 269, сѓесЃЕсЃ╝: 0)

­ЪЊі жђ▓ТЇЌ: 280/2623С╗Х (ТѕљтіЪ: 279, сѓесЃЕсЃ╝: 0)

­ЪЊі жђ▓ТЇЌ: 290/2623С╗Х (ТѕљтіЪ: 289, сѓесЃЕсЃ╝: 0)

­ЪЊі жђ▓ТЇЌ: 300/2623С╗Х (ТѕљтіЪ: 299, сѓесЃЕсЃ╝: 0)

­ЪЊі жђ▓ТЇЌ: 310/2623С╗Х (ТѕљтіЪ: 309, сѓесЃЕсЃ╝: 0)

­ЪЊі жђ▓ТЇЌ: 320/2623С╗Х (ТѕљтіЪ: 319, сѓесЃЕсЃ╝: 0)

­ЪЊі жђ▓ТЇЌ: 330/2623С╗Х (ТѕљтіЪ: 329, сѓесЃЕсЃ╝: 0)

­ЪЊі жђ▓ТЇЌ: 340/2623С╗Х (ТѕљтіЪ: 339, сѓесЃЕсЃ╝: 0)

­ЪЊі жђ▓ТЇЌ: 350/2623С╗Х (ТѕљтіЪ: 349, сѓесЃЕсЃ╝: 0)

­ЪЊі жђ▓ТЇЌ: 360/2623С╗Х (ТѕљтіЪ: 359, сѓесЃЕсЃ╝: 0)

­ЪЊі жђ▓ТЇЌ: 370/2623С╗Х (ТѕљтіЪ: 369, сѓесЃЕсЃ╝: 0)

­ЪЊі жђ▓ТЇЌ: 380/2623С╗Х (ТѕљтіЪ: 379, сѓесЃЕсЃ╝: 0)

­ЪЊі жђ▓ТЇЌ: 390/2623С╗Х (ТѕљтіЪ: 389, сѓесЃЕсЃ╝: 0)

­ЪЊі жђ▓ТЇЌ: 400/2623С╗Х (ТѕљтіЪ: 399, сѓесЃЕсЃ╝: 0)

­ЪЊі жђ▓ТЇЌ: 410/2623С╗Х (ТѕљтіЪ: 409, сѓесЃЕсЃ╝: 0)

­ЪЊі жђ▓ТЇЌ: 420/2623С╗Х (ТѕљтіЪ: 419, сѓесЃЕсЃ╝: 0)

­ЪЊі жђ▓ТЇЌ: 430/2623С╗Х (ТѕљтіЪ: 429, сѓесЃЕсЃ╝: 0)

­ЪЊі жђ▓ТЇЌ: 440/2623С╗Х (ТѕљтіЪ: 439, сѓесЃЕсЃ╝: 0)

­ЪЊі жђ▓ТЇЌ: 450/2623С╗Х (ТѕљтіЪ: 449, сѓесЃЕсЃ╝: 0)

­ЪЊі жђ▓ТЇЌ: 460/2623С╗Х (ТѕљтіЪ: 459, сѓесЃЕсЃ╝: 0)

­ЪЊі жђ▓ТЇЌ: 470/2623С╗Х (ТѕљтіЪ: 469, сѓесЃЕсЃ╝: 0)

­ЪЊі жђ▓ТЇЌ: 480/2623С╗Х (ТѕљтіЪ: 479, сѓесЃЕсЃ╝: 0)

­ЪЊі жђ▓ТЇЌ: 490/2623С╗Х (ТѕљтіЪ: 489, сѓесЃЕсЃ╝: 0)

­ЪЊі жђ▓ТЇЌ: 500/2623С╗Х (ТѕљтіЪ: 499, сѓесЃЕсЃ╝: 0)

­ЪЊі жђ▓ТЇЌ: 510/2623С╗Х (ТѕљтіЪ: 509, сѓесЃЕсЃ╝: 0)

­ЪЊі жђ▓ТЇЌ: 520/2623С╗Х (ТѕљтіЪ: 519, сѓесЃЕсЃ╝: 0)

­ЪЊі жђ▓ТЇЌ: 530/2623С╗Х (ТѕљтіЪ: 529, сѓесЃЕсЃ╝: 0)

­ЪЊі жђ▓ТЇЌ: 540/2623С╗Х (ТѕљтіЪ: 539, сѓесЃЕсЃ╝: 0)

­ЪЊі жђ▓ТЇЌ: 550/2623С╗Х (ТѕљтіЪ: 549, сѓесЃЕсЃ╝: 0)

­ЪЊі жђ▓ТЇЌ: 560/2623С╗Х (ТѕљтіЪ: 559, сѓесЃЕсЃ╝: 0)

­ЪЊі жђ▓ТЇЌ: 570/2623С╗Х (ТѕљтіЪ: 569, сѓесЃЕсЃ╝: 0)

­ЪЊі жђ▓ТЇЌ: 580/2623С╗Х (ТѕљтіЪ: 579, сѓесЃЕсЃ╝: 0)

­ЪЊі жђ▓ТЇЌ: 590/2623С╗Х (ТѕљтіЪ: 589, сѓесЃЕсЃ╝: 0)

­ЪЊі жђ▓ТЇЌ: 600/2623С╗Х (ТѕљтіЪ: 599, сѓесЃЕсЃ╝: 0)

­ЪЊі жђ▓ТЇЌ: 610/2623С╗Х (ТѕљтіЪ: 609, сѓесЃЕсЃ╝: 0)

­ЪЊі жђ▓ТЇЌ: 620/2623С╗Х (ТѕљтіЪ: 619, сѓесЃЕсЃ╝: 0)

­ЪЊі жђ▓ТЇЌ: 630/2623С╗Х (ТѕљтіЪ: 629, сѓесЃЕсЃ╝: 0)

­ЪЊі жђ▓ТЇЌ: 640/2623С╗Х (ТѕљтіЪ: 639, сѓесЃЕсЃ╝: 0)

­ЪЊі жђ▓ТЇЌ: 650/2623С╗Х (ТѕљтіЪ: 649, сѓесЃЕсЃ╝: 0)

­ЪЊі жђ▓ТЇЌ: 660/2623С╗Х (ТѕљтіЪ: 659, сѓесЃЕсЃ╝: 0)

­ЪЊі жђ▓ТЇЌ: 670/2623С╗Х (ТѕљтіЪ: 669, сѓесЃЕсЃ╝: 0)

­ЪЊі жђ▓ТЇЌ: 680/2623С╗Х (ТѕљтіЪ: 679, сѓесЃЕсЃ╝: 0)

­ЪЊі жђ▓ТЇЌ: 690/2623С╗Х (ТѕљтіЪ: 689, сѓесЃЕсЃ╝: 0)

­ЪЊі жђ▓ТЇЌ: 700/2623С╗Х (ТѕљтіЪ: 699, сѓесЃЕсЃ╝: 0)

­ЪЊі жђ▓ТЇЌ: 710/2623С╗Х (ТѕљтіЪ: 709, сѓесЃЕсЃ╝: 0)

­ЪЊі жђ▓ТЇЌ: 720/2623С╗Х (ТѕљтіЪ: 719, сѓесЃЕсЃ╝: 0)

­ЪЊі жђ▓ТЇЌ: 730/2623С╗Х (ТѕљтіЪ: 729, сѓесЃЕсЃ╝: 0)

­ЪЊі жђ▓ТЇЌ: 740/2623С╗Х (ТѕљтіЪ: 739, сѓесЃЕсЃ╝: 0)

­ЪЊі жђ▓ТЇЌ: 750/2623С╗Х (ТѕљтіЪ: 749, сѓесЃЕсЃ╝: 0)

­ЪЊі жђ▓ТЇЌ: 760/2623С╗Х (ТѕљтіЪ: 759, сѓесЃЕсЃ╝: 0)

­ЪЊі жђ▓ТЇЌ: 770/2623С╗Х (ТѕљтіЪ: 769, сѓесЃЕсЃ╝: 0)

­ЪЊі жђ▓ТЇЌ: 780/2623С╗Х (ТѕљтіЪ: 779, сѓесЃЕсЃ╝: 0)

­ЪЊі жђ▓ТЇЌ: 790/2623С╗Х (ТѕљтіЪ: 789, сѓесЃЕсЃ╝: 0)

­ЪЊі жђ▓ТЇЌ: 800/2623С╗Х (ТѕљтіЪ: 799, сѓесЃЕсЃ╝: 0)

­ЪЊі жђ▓ТЇЌ: 810/2623С╗Х (ТѕљтіЪ: 809, сѓесЃЕсЃ╝: 0)

­ЪЊі жђ▓ТЇЌ: 820/2623С╗Х (ТѕљтіЪ: 819, сѓесЃЕсЃ╝: 0)

­ЪЊі жђ▓ТЇЌ: 830/2623С╗Х (ТѕљтіЪ: 829, сѓесЃЕсЃ╝: 0)

­ЪЊі жђ▓ТЇЌ: 840/2623С╗Х (ТѕљтіЪ: 839, сѓесЃЕсЃ╝: 0)

­ЪЊі жђ▓ТЇЌ: 850/2623С╗Х (ТѕљтіЪ: 849, сѓесЃЕсЃ╝: 0)

­ЪЊі жђ▓ТЇЌ: 860/2623С╗Х (ТѕљтіЪ: 859, сѓесЃЕсЃ╝: 0)

­ЪЊі жђ▓ТЇЌ: 870/2623С╗Х (ТѕљтіЪ: 869, сѓесЃЕсЃ╝: 0)

­ЪЊі жђ▓ТЇЌ: 880/2623С╗Х (ТѕљтіЪ: 879, сѓесЃЕсЃ╝: 0)

­ЪЊі жђ▓ТЇЌ: 890/2623С╗Х (ТѕљтіЪ: 889, сѓесЃЕсЃ╝: 0)

­ЪЊі жђ▓ТЇЌ: 900/2623С╗Х (ТѕљтіЪ: 899, сѓесЃЕсЃ╝: 0)

­ЪЊі жђ▓ТЇЌ: 910/2623С╗Х (ТѕљтіЪ: 909, сѓесЃЕсЃ╝: 0)

­ЪЊі жђ▓ТЇЌ: 920/2623С╗Х (ТѕљтіЪ: 919, сѓесЃЕсЃ╝: 0)

­ЪЊі жђ▓ТЇЌ: 930/2623С╗Х (ТѕљтіЪ: 929, сѓесЃЕсЃ╝: 0)

­ЪЊі жђ▓ТЇЌ: 940/2623С╗Х (ТѕљтіЪ: 939, сѓесЃЕсЃ╝: 0)

­ЪЊі жђ▓ТЇЌ: 950/2623С╗Х (ТѕљтіЪ: 949, сѓесЃЕсЃ╝: 0)

­ЪЊі жђ▓ТЇЌ: 960/2623С╗Х (ТѕљтіЪ: 959, сѓесЃЕсЃ╝: 0)

­ЪЊі жђ▓ТЇЌ: 970/2623С╗Х (ТѕљтіЪ: 969, сѓесЃЕсЃ╝: 0)

­ЪЊі жђ▓ТЇЌ: 980/2623С╗Х (ТѕљтіЪ: 979, сѓесЃЕсЃ╝: 0)

­ЪЊі жђ▓ТЇЌ: 990/2623С╗Х (ТѕљтіЪ: 989, сѓесЃЕсЃ╝: 0)

­ЪЊі жђ▓ТЇЌ: 1000/2623С╗Х (ТѕљтіЪ: 999, сѓесЃЕсЃ╝: 0)

­ЪЊі жђ▓ТЇЌ: 1010/2623С╗Х (ТѕљтіЪ: 1009, сѓесЃЕсЃ╝: 0)

­ЪЊі жђ▓ТЇЌ: 1020/2623С╗Х (ТѕљтіЪ: 1019, сѓесЃЕсЃ╝: 0)

­ЪЊі жђ▓ТЇЌ: 1030/2623С╗Х (ТѕљтіЪ: 1029, сѓесЃЕсЃ╝: 0)

­ЪЊі жђ▓ТЇЌ: 1040/2623С╗Х (ТѕљтіЪ: 1039, сѓесЃЕсЃ╝: 0)

­ЪЊі жђ▓ТЇЌ: 1050/2623С╗Х (ТѕљтіЪ: 1049, сѓесЃЕсЃ╝: 0)

­ЪЊі жђ▓ТЇЌ: 1060/2623С╗Х (ТѕљтіЪ: 1059, сѓесЃЕсЃ╝: 0)

­ЪЊі жђ▓ТЇЌ: 1070/2623С╗Х (ТѕљтіЪ: 1069, сѓесЃЕсЃ╝: 0)

­ЪЊі жђ▓ТЇЌ: 1080/2623С╗Х (ТѕљтіЪ: 1079, сѓесЃЕсЃ╝: 0)

­ЪЊі жђ▓ТЇЌ: 1090/2623С╗Х (ТѕљтіЪ: 1089, сѓесЃЕсЃ╝: 0)

­ЪЊі жђ▓ТЇЌ: 1100/2623С╗Х (ТѕљтіЪ: 1099, сѓесЃЕсЃ╝: 0)

­ЪЊі жђ▓ТЇЌ: 1110/2623С╗Х (ТѕљтіЪ: 1109, сѓесЃЕсЃ╝: 0)

­ЪЊі жђ▓ТЇЌ: 1120/2623С╗Х (ТѕљтіЪ: 1119, сѓесЃЕсЃ╝: 0)

­ЪЊі жђ▓ТЇЌ: 1130/2623С╗Х (ТѕљтіЪ: 1129, сѓесЃЕсЃ╝: 0)

­ЪЊі жђ▓ТЇЌ: 1140/2623С╗Х (ТѕљтіЪ: 1139, сѓесЃЕсЃ╝: 0)

­ЪЊі жђ▓ТЇЌ: 1150/2623С╗Х (ТѕљтіЪ: 1149, сѓесЃЕсЃ╝: 0)

­ЪЊі жђ▓ТЇЌ: 1160/2623С╗Х (ТѕљтіЪ: 1159, сѓесЃЕсЃ╝: 0)

­ЪЊі жђ▓ТЇЌ: 1170/2623С╗Х (ТѕљтіЪ: 1169, сѓесЃЕсЃ╝: 0)

­ЪЊі жђ▓ТЇЌ: 1180/2623С╗Х (ТѕљтіЪ: 1179, сѓесЃЕсЃ╝: 0)

­ЪЊі жђ▓ТЇЌ: 1190/2623С╗Х (ТѕљтіЪ: 1189, сѓесЃЕсЃ╝: 0)

­ЪЊі жђ▓ТЇЌ: 1200/2623С╗Х (ТѕљтіЪ: 1199, сѓесЃЕсЃ╝: 0)

­ЪЊі жђ▓ТЇЌ: 1210/2623С╗Х (ТѕљтіЪ: 1209, сѓесЃЕсЃ╝: 0)

­ЪЊі жђ▓ТЇЌ: 1220/2623С╗Х (ТѕљтіЪ: 1219, сѓесЃЕсЃ╝: 0)

­ЪЊі жђ▓ТЇЌ: 1230/2623С╗Х (ТѕљтіЪ: 1229, сѓесЃЕсЃ╝: 0)

­ЪЊі жђ▓ТЇЌ: 1240/2623С╗Х (ТѕљтіЪ: 1239, сѓесЃЕсЃ╝: 0)

­ЪЊі жђ▓ТЇЌ: 1250/2623С╗Х (ТѕљтіЪ: 1249, сѓесЃЕсЃ╝: 0)

­ЪЊі жђ▓ТЇЌ: 1260/2623С╗Х (ТѕљтіЪ: 1259, сѓесЃЕсЃ╝: 0)

­ЪЊі жђ▓ТЇЌ: 1270/2623С╗Х (ТѕљтіЪ: 1269, сѓесЃЕсЃ╝: 0)

­ЪЊі жђ▓ТЇЌ: 1280/2623С╗Х (ТѕљтіЪ: 1279, сѓесЃЕсЃ╝: 0)

­ЪЊі жђ▓ТЇЌ: 1290/2623С╗Х (ТѕљтіЪ: 1289, сѓесЃЕсЃ╝: 0)

­ЪЊі жђ▓ТЇЌ: 1300/2623С╗Х (ТѕљтіЪ: 1299, сѓесЃЕсЃ╝: 0)

­ЪЊі жђ▓ТЇЌ: 1310/2623С╗Х (ТѕљтіЪ: 1309, сѓесЃЕсЃ╝: 0)

­ЪЊі жђ▓ТЇЌ: 1320/2623С╗Х (ТѕљтіЪ: 1319, сѓесЃЕсЃ╝: 0)

­ЪЊі жђ▓ТЇЌ: 1330/2623С╗Х (ТѕљтіЪ: 1329, сѓесЃЕсЃ╝: 0)

­ЪЊі жђ▓ТЇЌ: 1340/2623С╗Х (ТѕљтіЪ: 1339, сѓесЃЕсЃ╝: 0)

­ЪЊі жђ▓ТЇЌ: 1350/2623С╗Х (ТѕљтіЪ: 1349, сѓесЃЕсЃ╝: 0)

­ЪЊі жђ▓ТЇЌ: 1360/2623С╗Х (ТѕљтіЪ: 1359, сѓесЃЕсЃ╝: 0)

­ЪЊі жђ▓ТЇЌ: 1370/2623С╗Х (ТѕљтіЪ: 1369, сѓесЃЕсЃ╝: 0)

­ЪЊі жђ▓ТЇЌ: 1380/2623С╗Х (ТѕљтіЪ: 1379, сѓесЃЕсЃ╝: 0)

­ЪЊі жђ▓ТЇЌ: 1390/2623С╗Х (ТѕљтіЪ: 1389, сѓесЃЕсЃ╝: 0)

­ЪЊі жђ▓ТЇЌ: 1400/2623С╗Х (ТѕљтіЪ: 1399, сѓесЃЕсЃ╝: 0)

­ЪЊі жђ▓ТЇЌ: 1410/2623С╗Х (ТѕљтіЪ: 1409, сѓесЃЕсЃ╝: 0)

­ЪЊі жђ▓ТЇЌ: 1420/2623С╗Х (ТѕљтіЪ: 1419, сѓесЃЕсЃ╝: 0)

­ЪЊі жђ▓ТЇЌ: 1430/2623С╗Х (ТѕљтіЪ: 1429, сѓесЃЕсЃ╝: 0)

­ЪЊі жђ▓ТЇЌ: 1440/2623С╗Х (ТѕљтіЪ: 1439, сѓесЃЕсЃ╝: 0)

­ЪЊі жђ▓ТЇЌ: 1450/2623С╗Х (ТѕљтіЪ: 1449, сѓесЃЕсЃ╝: 0)

­ЪЊі жђ▓ТЇЌ: 1460/2623С╗Х (ТѕљтіЪ: 1459, сѓесЃЕсЃ╝: 0)

­ЪЊі жђ▓ТЇЌ: 1470/2623С╗Х (ТѕљтіЪ: 1469, сѓесЃЕсЃ╝: 0)

­ЪЊі жђ▓ТЇЌ: 1480/2623С╗Х (ТѕљтіЪ: 1479, сѓесЃЕсЃ╝: 0)

­ЪЊі жђ▓ТЇЌ: 1490/2623С╗Х (ТѕљтіЪ: 1489, сѓесЃЕсЃ╝: 0)

­ЪЊі жђ▓ТЇЌ: 1500/2623С╗Х (ТѕљтіЪ: 1499, сѓесЃЕсЃ╝: 0)

­ЪЊі жђ▓ТЇЌ: 1510/2623С╗Х (ТѕљтіЪ: 1509, сѓесЃЕсЃ╝: 0)

­ЪЊі жђ▓ТЇЌ: 1520/2623С╗Х (ТѕљтіЪ: 1519, сѓесЃЕсЃ╝: 0)

­ЪЊі жђ▓ТЇЌ: 1530/2623С╗Х (ТѕљтіЪ: 1529, сѓесЃЕсЃ╝: 0)

­ЪЊі жђ▓ТЇЌ: 1540/2623С╗Х (ТѕљтіЪ: 1539, сѓесЃЕсЃ╝: 0)

­ЪЊі жђ▓ТЇЌ: 1550/2623С╗Х (ТѕљтіЪ: 1549, сѓесЃЕсЃ╝: 0)

­ЪЊі жђ▓ТЇЌ: 1560/2623С╗Х (ТѕљтіЪ: 1559, сѓесЃЕсЃ╝: 0)

­ЪЊі жђ▓ТЇЌ: 1570/2623С╗Х (ТѕљтіЪ: 1569, сѓесЃЕсЃ╝: 0)

­ЪЊі жђ▓ТЇЌ: 1580/2623С╗Х (ТѕљтіЪ: 1579, сѓесЃЕсЃ╝: 0)

­ЪЊі жђ▓ТЇЌ: 1590/2623С╗Х (ТѕљтіЪ: 1589, сѓесЃЕсЃ╝: 0)

­ЪЊі жђ▓ТЇЌ: 1600/2623С╗Х (ТѕљтіЪ: 1599, сѓесЃЕсЃ╝: 0)

­ЪЊі жђ▓ТЇЌ: 1610/2623С╗Х (ТѕљтіЪ: 1609, сѓесЃЕсЃ╝: 0)

­ЪЊі жђ▓ТЇЌ: 1620/2623С╗Х (ТѕљтіЪ: 1619, сѓесЃЕсЃ╝: 0)

­ЪЊі жђ▓ТЇЌ: 1630/2623С╗Х (ТѕљтіЪ: 1629, сѓесЃЕсЃ╝: 0)

­ЪЊі жђ▓ТЇЌ: 1640/2623С╗Х (ТѕљтіЪ: 1639, сѓесЃЕсЃ╝: 0)

­ЪЊі жђ▓ТЇЌ: 1650/2623С╗Х (ТѕљтіЪ: 1649, сѓесЃЕсЃ╝: 0)

­ЪЊі жђ▓ТЇЌ: 1660/2623С╗Х (ТѕљтіЪ: 1659, сѓесЃЕсЃ╝: 0)

­ЪЊі жђ▓ТЇЌ: 1670/2623С╗Х (ТѕљтіЪ: 1669, сѓесЃЕсЃ╝: 0)

­ЪЊі жђ▓ТЇЌ: 1680/2623С╗Х (ТѕљтіЪ: 1679, сѓесЃЕсЃ╝: 0)

­ЪЊі жђ▓ТЇЌ: 1690/2623С╗Х (ТѕљтіЪ: 1689, сѓесЃЕсЃ╝: 0)

­ЪЊі жђ▓ТЇЌ: 1700/2623С╗Х (ТѕљтіЪ: 1699, сѓесЃЕсЃ╝: 0)

­ЪЊі жђ▓ТЇЌ: 1710/2623С╗Х (ТѕљтіЪ: 1709, сѓесЃЕсЃ╝: 0)

­ЪЊі жђ▓ТЇЌ: 1720/2623С╗Х (ТѕљтіЪ: 1719, сѓесЃЕсЃ╝: 0)

­ЪЊі жђ▓ТЇЌ: 1730/2623С╗Х (ТѕљтіЪ: 1729, сѓесЃЕсЃ╝: 0)

­ЪЊі жђ▓ТЇЌ: 1740/2623С╗Х (ТѕљтіЪ: 1739, сѓесЃЕсЃ╝: 0)

­ЪЊі жђ▓ТЇЌ: 1750/2623С╗Х (ТѕљтіЪ: 1749, сѓесЃЕсЃ╝: 0)

­ЪЊі жђ▓ТЇЌ: 1760/2623С╗Х (ТѕљтіЪ: 1759, сѓесЃЕсЃ╝: 0)

­ЪЊі жђ▓ТЇЌ: 1770/2623С╗Х (ТѕљтіЪ: 1769, сѓесЃЕсЃ╝: 0)

­ЪЊі жђ▓ТЇЌ: 1780/2623С╗Х (ТѕљтіЪ: 1779, сѓесЃЕсЃ╝: 0)

­ЪЊі жђ▓ТЇЌ: 1790/2623С╗Х (ТѕљтіЪ: 1789, сѓесЃЕсЃ╝: 0)

­ЪЊі жђ▓ТЇЌ: 1800/2623С╗Х (ТѕљтіЪ: 1799, сѓесЃЕсЃ╝: 0)

­ЪЊі жђ▓ТЇЌ: 1810/2623С╗Х (ТѕљтіЪ: 1809, сѓесЃЕсЃ╝: 0)

­ЪЊі жђ▓ТЇЌ: 1820/2623С╗Х (ТѕљтіЪ: 1819, сѓесЃЕсЃ╝: 0)

­ЪЊі жђ▓ТЇЌ: 1830/2623С╗Х (ТѕљтіЪ: 1829, сѓесЃЕсЃ╝: 0)

­ЪЊі жђ▓ТЇЌ: 1840/2623С╗Х (ТѕљтіЪ: 1839, сѓесЃЕсЃ╝: 0)

­ЪЊі жђ▓ТЇЌ: 1850/2623С╗Х (ТѕљтіЪ: 1849, сѓесЃЕсЃ╝: 0)

­ЪЊі жђ▓ТЇЌ: 1860/2623С╗Х (ТѕљтіЪ: 1859, сѓесЃЕсЃ╝: 0)

­ЪЊі жђ▓ТЇЌ: 1870/2623С╗Х (ТѕљтіЪ: 1869, сѓесЃЕсЃ╝: 0)

­ЪЊі жђ▓ТЇЌ: 1880/2623С╗Х (ТѕљтіЪ: 1879, сѓесЃЕсЃ╝: 0)

­ЪЊі жђ▓ТЇЌ: 1890/2623С╗Х (ТѕљтіЪ: 1889, сѓесЃЕсЃ╝: 0)

­ЪЊі жђ▓ТЇЌ: 1900/2623С╗Х (ТѕљтіЪ: 1899, сѓесЃЕсЃ╝: 0)

­ЪЊі жђ▓ТЇЌ: 1910/2623С╗Х (ТѕљтіЪ: 1909, сѓесЃЕсЃ╝: 0)

­ЪЊі жђ▓ТЇЌ: 1920/2623С╗Х (ТѕљтіЪ: 1919, сѓесЃЕсЃ╝: 0)

­ЪЊі жђ▓ТЇЌ: 1930/2623С╗Х (ТѕљтіЪ: 1929, сѓесЃЕсЃ╝: 0)

­ЪЊі жђ▓ТЇЌ: 1940/2623С╗Х (ТѕљтіЪ: 1939, сѓесЃЕсЃ╝: 0)

­ЪЊі жђ▓ТЇЌ: 1950/2623С╗Х (ТѕљтіЪ: 1949, сѓесЃЕсЃ╝: 0)

­ЪЊі жђ▓ТЇЌ: 1960/2623С╗Х (ТѕљтіЪ: 1959, сѓесЃЕсЃ╝: 0)

­ЪЊі жђ▓ТЇЌ: 1970/2623С╗Х (ТѕљтіЪ: 1969, сѓесЃЕсЃ╝: 0)

­ЪЊі жђ▓ТЇЌ: 1980/2623С╗Х (ТѕљтіЪ: 1979, сѓесЃЕсЃ╝: 0)

­ЪЊі жђ▓ТЇЌ: 1990/2623С╗Х (ТѕљтіЪ: 1989, сѓесЃЕсЃ╝: 0)

­ЪЊі жђ▓ТЇЌ: 2000/2623С╗Х (ТѕљтіЪ: 1999, сѓесЃЕсЃ╝: 0)

­ЪЊі жђ▓ТЇЌ: 2010/2623С╗Х (ТѕљтіЪ: 2009, сѓесЃЕсЃ╝: 0)

­ЪЊі жђ▓ТЇЌ: 2020/2623С╗Х (ТѕљтіЪ: 2019, сѓесЃЕсЃ╝: 0)

­ЪЊі жђ▓ТЇЌ: 2030/2623С╗Х (ТѕљтіЪ: 2029, сѓесЃЕсЃ╝: 0)

­ЪЊі жђ▓ТЇЌ: 2040/2623С╗Х (ТѕљтіЪ: 2039, сѓесЃЕсЃ╝: 0)

­ЪЊі жђ▓ТЇЌ: 2050/2623С╗Х (ТѕљтіЪ: 2049, сѓесЃЕсЃ╝: 0)

­ЪЊі жђ▓ТЇЌ: 2060/2623С╗Х (ТѕљтіЪ: 2059, сѓесЃЕсЃ╝: 0)

­ЪЊі жђ▓ТЇЌ: 2070/2623С╗Х (ТѕљтіЪ: 2069, сѓесЃЕсЃ╝: 0)

­ЪЊі жђ▓ТЇЌ: 2080/2623С╗Х (ТѕљтіЪ: 2079, сѓесЃЕсЃ╝: 0)

­ЪЊі жђ▓ТЇЌ: 2090/2623С╗Х (ТѕљтіЪ: 2089, сѓесЃЕсЃ╝: 0)

­ЪЊі жђ▓ТЇЌ: 2100/2623С╗Х (ТѕљтіЪ: 2099, сѓесЃЕсЃ╝: 0)

­ЪЊі жђ▓ТЇЌ: 2110/2623С╗Х (ТѕљтіЪ: 2109, сѓесЃЕсЃ╝: 0)

­ЪЊі жђ▓ТЇЌ: 2120/2623С╗Х (ТѕљтіЪ: 2119, сѓесЃЕсЃ╝: 0)

­ЪЊі жђ▓ТЇЌ: 2130/2623С╗Х (ТѕљтіЪ: 2129, сѓесЃЕсЃ╝: 0)

­ЪЊі жђ▓ТЇЌ: 2140/2623С╗Х (ТѕљтіЪ: 2139, сѓесЃЕсЃ╝: 0)

­ЪЊі жђ▓ТЇЌ: 2150/2623С╗Х (ТѕљтіЪ: 2149, сѓесЃЕсЃ╝: 0)

­ЪЊі жђ▓ТЇЌ: 2160/2623С╗Х (ТѕљтіЪ: 2159, сѓесЃЕсЃ╝: 0)

­ЪЊі жђ▓ТЇЌ: 2170/2623С╗Х (ТѕљтіЪ: 2169, сѓесЃЕсЃ╝: 0)

­ЪЊі жђ▓ТЇЌ: 2180/2623С╗Х (ТѕљтіЪ: 2179, сѓесЃЕсЃ╝: 0)

­ЪЊі жђ▓ТЇЌ: 2190/2623С╗Х (ТѕљтіЪ: 2189, сѓесЃЕсЃ╝: 0)

­ЪЊі жђ▓ТЇЌ: 2200/2623С╗Х (ТѕљтіЪ: 2199, сѓесЃЕсЃ╝: 0)

­ЪЊі жђ▓ТЇЌ: 2210/2623С╗Х (ТѕљтіЪ: 2209, сѓесЃЕсЃ╝: 0)

­ЪЊі жђ▓ТЇЌ: 2220/2623С╗Х (ТѕљтіЪ: 2219, сѓесЃЕсЃ╝: 0)

­ЪЊі жђ▓ТЇЌ: 2230/2623С╗Х (ТѕљтіЪ: 2229, сѓесЃЕсЃ╝: 0)

­ЪЊі жђ▓ТЇЌ: 2240/2623С╗Х (ТѕљтіЪ: 2239, сѓесЃЕсЃ╝: 0)

­ЪЊі жђ▓ТЇЌ: 2250/2623С╗Х (ТѕљтіЪ: 2249, сѓесЃЕсЃ╝: 0)

­ЪЊі жђ▓ТЇЌ: 2260/2623С╗Х (ТѕљтіЪ: 2259, сѓесЃЕсЃ╝: 0)

­ЪЊі жђ▓ТЇЌ: 2270/2623С╗Х (ТѕљтіЪ: 2269, сѓесЃЕсЃ╝: 0)

­ЪЊі жђ▓ТЇЌ: 2280/2623С╗Х (ТѕљтіЪ: 2279, сѓесЃЕсЃ╝: 0)

­ЪЊі жђ▓ТЇЌ: 2290/2623С╗Х (ТѕљтіЪ: 2289, сѓесЃЕсЃ╝: 0)

­ЪЊі жђ▓ТЇЌ: 2300/2623С╗Х (ТѕљтіЪ: 2299, сѓесЃЕсЃ╝: 0)

­ЪЊі жђ▓ТЇЌ: 2310/2623С╗Х (ТѕљтіЪ: 2309, сѓесЃЕсЃ╝: 0)

­ЪЊі жђ▓ТЇЌ: 2320/2623С╗Х (ТѕљтіЪ: 2319, сѓесЃЕсЃ╝: 0)

­ЪЊі жђ▓ТЇЌ: 2330/2623С╗Х (ТѕљтіЪ: 2329, сѓесЃЕсЃ╝: 0)

­ЪЊі жђ▓ТЇЌ: 2340/2623С╗Х (ТѕљтіЪ: 2339, сѓесЃЕсЃ╝: 0)

­ЪЊі жђ▓ТЇЌ: 2350/2623С╗Х (ТѕљтіЪ: 2349, сѓесЃЕсЃ╝: 0)

­ЪЊі жђ▓ТЇЌ: 2360/2623С╗Х (ТѕљтіЪ: 2359, сѓесЃЕсЃ╝: 0)

­ЪЊі жђ▓ТЇЌ: 2370/2623С╗Х (ТѕљтіЪ: 2369, сѓесЃЕсЃ╝: 0)

­ЪЊі жђ▓ТЇЌ: 2380/2623С╗Х (ТѕљтіЪ: 2379, сѓесЃЕсЃ╝: 0)

­ЪЊі жђ▓ТЇЌ: 2390/2623С╗Х (ТѕљтіЪ: 2389, сѓесЃЕсЃ╝: 0)

­ЪЊі жђ▓ТЇЌ: 2400/2623С╗Х (ТѕљтіЪ: 2399, сѓесЃЕсЃ╝: 0)

­ЪЊі жђ▓ТЇЌ: 2410/2623С╗Х (ТѕљтіЪ: 2409, сѓесЃЕсЃ╝: 0)

­ЪЊі жђ▓ТЇЌ: 2420/2623С╗Х (ТѕљтіЪ: 2419, сѓесЃЕсЃ╝: 0)

­ЪЊі жђ▓ТЇЌ: 2430/2623С╗Х (ТѕљтіЪ: 2429, сѓесЃЕсЃ╝: 0)

­ЪЊі жђ▓ТЇЌ: 2440/2623С╗Х (ТѕљтіЪ: 2439, сѓесЃЕсЃ╝: 0)

­ЪЊі жђ▓ТЇЌ: 2450/2623С╗Х (ТѕљтіЪ: 2449, сѓесЃЕсЃ╝: 0)

­ЪЊі жђ▓ТЇЌ: 2460/2623С╗Х (ТѕљтіЪ: 2459, сѓесЃЕсЃ╝: 0)

­ЪЊі жђ▓ТЇЌ: 2470/2623С╗Х (ТѕљтіЪ: 2469, сѓесЃЕсЃ╝: 0)

­ЪЊі жђ▓ТЇЌ: 2480/2623С╗Х (ТѕљтіЪ: 2479, сѓесЃЕсЃ╝: 0)

­ЪЊі жђ▓ТЇЌ: 2490/2623С╗Х (ТѕљтіЪ: 2489, сѓесЃЕсЃ╝: 0)

­ЪЊі жђ▓ТЇЌ: 2500/2623С╗Х (ТѕљтіЪ: 2499, сѓесЃЕсЃ╝: 0)

­ЪЊі жђ▓ТЇЌ: 2510/2623С╗Х (ТѕљтіЪ: 2509, сѓесЃЕсЃ╝: 0)

­ЪЊі жђ▓ТЇЌ: 2520/2623С╗Х (ТѕљтіЪ: 2519, сѓесЃЕсЃ╝: 0)

­ЪЊі жђ▓ТЇЌ: 2530/2623С╗Х (ТѕљтіЪ: 2529, сѓесЃЕсЃ╝: 0)

­ЪЊі жђ▓ТЇЌ: 2540/2623С╗Х (ТѕљтіЪ: 2539, сѓесЃЕсЃ╝: 0)

­ЪЊі жђ▓ТЇЌ: 2550/2623С╗Х (ТѕљтіЪ: 2549, сѓесЃЕсЃ╝: 0)

­ЪЊі жђ▓ТЇЌ: 2560/2623С╗Х (ТѕљтіЪ: 2559, сѓесЃЕсЃ╝: 0)

­ЪЊі жђ▓ТЇЌ: 2570/2623С╗Х (ТѕљтіЪ: 2569, сѓесЃЕсЃ╝: 0)

­ЪЊі жђ▓ТЇЌ: 2580/2623С╗Х (ТѕљтіЪ: 2579, сѓесЃЕсЃ╝: 0)

­ЪЊі жђ▓ТЇЌ: 2590/2623С╗Х (ТѕљтіЪ: 2589, сѓесЃЕсЃ╝: 0)

­ЪЊі жђ▓ТЇЌ: 2600/2623С╗Х (ТѕљтіЪ: 2599, сѓесЃЕсЃ╝: 0)

­ЪЊі жђ▓ТЇЌ: 2610/2623С╗Х (ТѕљтіЪ: 2609, сѓесЃЕсЃ╝: 0)

­ЪЊі жђ▓ТЇЌ: 2620/2623С╗Х (ТѕљтіЪ: 2619, сѓесЃЕсЃ╝: 0)

­ЪјЅ ТЏ┤Тќ░сЂїт«їС║єсЂЌсЂЙсЂЌсЂЪ№╝Ђ
­ЪЊі ухљТъю:
  - ТѕљтіЪ: 2623С╗Х
  - сѓесЃЕсЃ╝: 0С╗Х
  - тљѕУеѕ: 2623С╗Х
­ЪЊЂ С┐ЮтГўтЁѕ: scripts/tokyo-calendar-restaurants.json
